# JRE version: OpenJDK Runtime Environment (8.0_242-b01) (build 1.8.0_242-release-1644-b01)
# Java VM: OpenJDK 64-Bit Server VM (25.242-b01 mixed mode windows-amd64 compressed oops)
Heap:
 PSYoungGen      total 146432K, used 52725K [0x00000000d5580000, 0x00000000e0280000, 0x0000000100000000)
  eden space 139264K, 32% used [0x00000000d5580000,0x00000000d8242b08,0x00000000ddd80000)
  from space 7168K, 96% used [0x00000000dfb80000,0x00000000e023aab8,0x00000000e0280000)
  to   space 11264K, 0% used [0x00000000dec80000,0x00000000dec80000,0x00000000df780000)
 ParOldGen       total 85504K, used 14664K [0x0000000080000000, 0x0000000085380000, 0x00000000d5580000)
  object space 85504K, 17% used [0x0000000080000000,0x0000000080e522d8,0x0000000085380000)
 Metaspace       used 43334K, capacity 45110K, committed 45400K, reserved 1089536K
  class space    used 5872K, capacity 6243K, committed 6272K, reserved 1048576K
GC Heap History (10 events):
Event: 10.903 GC heap before
{Heap before GC invocations=8 (full 1):
 PSYoungGen      total 76288K, used 66048K [0x00000000d5580000, 0x00000000dab80000, 0x0000000100000000)
  eden space 66048K, 100% used [0x00000000d5580000,0x00000000d9600000,0x00000000d9600000)
  from space 10240K, 0% used [0x00000000da080000,0x00000000da080000,0x00000000daa80000)
  to   space 10752K, 0% used [0x00000000d9600000,0x00000000d9600000,0x00000000da080000)
 ParOldGen       total 57344K, used 9199K [0x0000000080000000, 0x0000000083800000, 0x00000000d5580000)
  object space 57344K, 16% used [0x0000000080000000,0x00000000808fbde0,0x0000000083800000)
 Metaspace       used 28464K, capacity 29348K, committed 29568K, reserved 1075200K
  class space    used 3932K, capacity 4158K, committed 4224K, reserved 1048576K
Event: 10.916 GC heap after
Heap after GC invocations=8 (full 1):
 PSYoungGen      total 76800K, used 8201K [0x00000000d5580000, 0x00000000dd700000, 0x0000000100000000)
  eden space 66048K, 0% used [0x00000000d5580000,0x00000000d5580000,0x00000000d9600000)
  from space 10752K, 76% used [0x00000000d9600000,0x00000000d9e02798,0x00000000da080000)
  to   space 11264K, 0% used [0x00000000dcc00000,0x00000000dcc00000,0x00000000dd700000)
 ParOldGen       total 57344K, used 9207K [0x0000000080000000, 0x0000000083800000, 0x00000000d5580000)
  object space 57344K, 16% used [0x0000000080000000,0x00000000808fdde0,0x0000000083800000)
 Metaspace       used 28464K, capacity 29348K, committed 29568K, reserved 1075200K
  class space    used 3932K, capacity 4158K, committed 4224K, reserved 1048576K
}
Event: 11.968 GC heap before
{Heap before GC invocations=9 (full 1):
 PSYoungGen      total 76800K, used 74249K [0x00000000d5580000, 0x00000000dd700000, 0x0000000100000000)
  eden space 66048K, 100% used [0x00000000d5580000,0x00000000d9600000,0x00000000d9600000)
  from space 10752K, 76% used [0x00000000d9600000,0x00000000d9e02798,0x00000000da080000)
  to   space 11264K, 0% used [0x00000000dcc00000,0x00000000dcc00000,0x00000000dd700000)
 ParOldGen       total 57344K, used 9207K [0x0000000080000000, 0x0000000083800000, 0x00000000d5580000)
  object space 57344K, 16% used [0x0000000080000000,0x00000000808fdde0,0x0000000083800000)
 Metaspace       used 32813K, capacity 33878K, committed 34048K, reserved 1079296K
  class space    used 4482K, capacity 4755K, committed 4864K, reserved 1048576K
Event: 11.984 GC heap after
Heap after GC invocations=9 (full 1):
 PSYoungGen      total 120832K, used 9270K [0x00000000d5580000, 0x00000000dd880000, 0x0000000100000000)
  eden space 109568K, 0% used [0x00000000d5580000,0x00000000d5580000,0x00000000dc080000)
  from space 11264K, 82% used [0x00000000dcc00000,0x00000000dd50db80,0x00000000dd700000)
  to   space 11776K, 0% used [0x00000000dc080000,0x00000000dc080000,0x00000000dcc00000)
 ParOldGen       total 57344K, used 9215K [0x0000000080000000, 0x0000000083800000, 0x00000000d5580000)
  object space 57344K, 16% used [0x0000000080000000,0x00000000808ffde0,0x0000000083800000)
 Metaspace       used 32813K, capacity 33878K, committed 34048K, reserved 1079296K
  class space    used 4482K, capacity 4755K, committed 4864K, reserved 1048576K
}
Event: 12.513 GC heap before
{Heap before GC invocations=10 (full 1):
 PSYoungGen      total 120832K, used 38439K [0x00000000d5580000, 0x00000000dd880000, 0x0000000100000000)
  eden space 109568K, 26% used [0x00000000d5580000,0x00000000d71fc2c8,0x00000000dc080000)
  from space 11264K, 82% used [0x00000000dcc00000,0x00000000dd50db80,0x00000000dd700000)
  to   space 11776K, 0% used [0x00000000dc080000,0x00000000dc080000,0x00000000dcc00000)
 ParOldGen       total 57344K, used 9215K [0x0000000080000000, 0x0000000083800000, 0x00000000d5580000)
  object space 57344K, 16% used [0x0000000080000000,0x00000000808ffde0,0x0000000083800000)
 Metaspace       used 34236K, capacity 35392K, committed 35416K, reserved 1079296K
  class space    used 4712K, capacity 4973K, committed 4992K, reserved 1048576K
Event: 12.531 GC heap after
Heap after GC invocations=10 (full 1):
 PSYoungGen      total 121344K, used 7966K [0x00000000d5580000, 0x00000000e0700000, 0x0000000100000000)
  eden space 109568K, 0% used [0x00000000d5580000,0x00000000d5580000,0x00000000dc080000)
  from space 11776K, 67% used [0x00000000dc080000,0x00000000dc847a38,0x00000000dcc00000)
  to   space 11776K, 0% used [0x00000000dfb80000,0x00000000dfb80000,0x00000000e0700000)
 ParOldGen       total 57344K, used 9223K [0x0000000080000000, 0x0000000083800000, 0x00000000d5580000)
  object space 57344K, 16% used [0x0000000080000000,0x0000000080901de0,0x0000000083800000)
 Metaspace       used 34236K, capacity 35392K, committed 35416K, reserved 1079296K
  class space    used 4712K, capacity 4973K, committed 4992K, reserved 1048576K
}
Event: 12.531 GC heap before
{Heap before GC invocations=11 (full 2):
 PSYoungGen      total 121344K, used 7966K [0x00000000d5580000, 0x00000000e0700000, 0x0000000100000000)
  eden space 109568K, 0% used [0x00000000d5580000,0x00000000d5580000,0x00000000dc080000)
  from space 11776K, 67% used [0x00000000dc080000,0x00000000dc847a38,0x00000000dcc00000)
  to   space 11776K, 0% used [0x00000000dfb80000,0x00000000dfb80000,0x00000000e0700000)
 ParOldGen       total 57344K, used 9223K [0x0000000080000000, 0x0000000083800000, 0x00000000d5580000)
  object space 57344K, 16% used [0x0000000080000000,0x0000000080901de0,0x0000000083800000)
 Metaspace       used 34236K, capacity 35392K, committed 35416K, reserved 1079296K
  class space    used 4712K, capacity 4973K, committed 4992K, reserved 1048576K
Event: 12.630 GC heap after
Heap after GC invocations=11 (full 2):
 PSYoungGen      total 121344K, used 0K [0x00000000d5580000, 0x00000000e0700000, 0x0000000100000000)
  eden space 109568K, 0% used [0x00000000d5580000,0x00000000d5580000,0x00000000dc080000)
  from space 11776K, 0% used [0x00000000dc080000,0x00000000dc080000,0x00000000dcc00000)
  to   space 11776K, 0% used [0x00000000dfb80000,0x00000000dfb80000,0x00000000e0700000)
 ParOldGen       total 85504K, used 14656K [0x0000000080000000, 0x0000000085380000, 0x00000000d5580000)
  object space 85504K, 17% used [0x0000000080000000,0x0000000080e502d8,0x0000000085380000)
 Metaspace       used 34236K, capacity 35392K, committed 35416K, reserved 1079296K
  class space    used 4712K, capacity 4973K, committed 4992K, reserved 1048576K
}
Event: 14.685 GC heap before
{Heap before GC invocations=12 (full 2):
 PSYoungGen      total 121344K, used 109568K [0x00000000d5580000, 0x00000000e0700000, 0x0000000100000000)
  eden space 109568K, 100% used [0x00000000d5580000,0x00000000dc080000,0x00000000dc080000)
  from space 11776K, 0% used [0x00000000dc080000,0x00000000dc080000,0x00000000dcc00000)
  to   space 11776K, 0% used [0x00000000dfb80000,0x00000000dfb80000,0x00000000e0700000)
 ParOldGen       total 85504K, used 14656K [0x0000000080000000, 0x0000000085380000, 0x00000000d5580000)
  object space 85504K, 17% used [0x0000000080000000,0x0000000080e502d8,0x0000000085380000)
 Metaspace       used 37378K, capacity 39020K, committed 39384K, reserved 1083392K
  class space    used 5155K, capacity 5508K, committed 5632K, reserved 1048576K
Event: 14.699 GC heap after
Heap after GC invocations=12 (full 2):
 PSYoungGen      total 146432K, used 6890K [0x00000000d5580000, 0x00000000e0280000, 0x0000000100000000)
  eden space 139264K, 0% used [0x00000000d5580000,0x00000000d5580000,0x00000000ddd80000)
  from space 7168K, 96% used [0x00000000dfb80000,0x00000000e023aab8,0x00000000e0280000)
  to   space 11264K, 0% used [0x00000000dec80000,0x00000000dec80000,0x00000000df780000)
 ParOldGen       total 85504K, used 14664K [0x0000000080000000, 0x0000000085380000, 0x00000000d5580000)
  object space 85504K, 17% used [0x0000000080000000,0x0000000080e522d8,0x0000000085380000)
 Metaspace       used 37378K, capacity 39020K, committed 39384K, reserved 1083392K
  class space    used 5155K, capacity 5508K, committed 5632K, reserved 1048576K
}

