# JRE version: OpenJDK Runtime Environment (8.0_242-b01) (build 1.8.0_242-release-1644-b01)
# Java VM: OpenJDK 64-Bit Server VM (25.242-b01 mixed mode windows-amd64 compressed oops)
Heap:
 PSYoungGen      total 123392K, used 12016K [0x00000000d5580000, 0x00000000ddb00000, 0x0000000100000000)
  eden space 111616K, 10% used [0x00000000d5580000,0x00000000d613c330,0x00000000dc280000)
  from space 11776K, 0% used [0x00000000dc280000,0x00000000dc280000,0x00000000dce00000)
  to   space 11264K, 0% used [0x00000000dce00000,0x00000000dce00000,0x00000000dd900000)
 ParOldGen       total 56320K, used 14609K [0x0000000080000000, 0x0000000083700000, 0x00000000d5580000)
  object space 56320K, 25% used [0x0000000080000000,0x0000000080e447a0,0x0000000083700000)
 Metaspace       used 34726K, capacity 35924K, committed 36096K, reserved 1081344K
  class space    used 4777K, capacity 5045K, committed 5120K, reserved 1048576K
GC Heap History (10 events):
Event: 9.711 GC heap before
{Heap before GC invocations=7 (full 1):
 PSYoungGen      total 76288K, used 8343K [0x00000000d5580000, 0x00000000dab80000, 0x0000000100000000)
  eden space 66048K, 0% used [0x00000000d5580000,0x00000000d5580000,0x00000000d9600000)
  from space 10240K, 81% used [0x00000000da080000,0x00000000da8a5dd0,0x00000000daa80000)
  to   space 10752K, 0% used [0x00000000d9600000,0x00000000d9600000,0x00000000da080000)
 ParOldGen       total 87552K, used 7261K [0x0000000080000000, 0x0000000085580000, 0x00000000d5580000)
  object space 87552K, 8% used [0x0000000080000000,0x0000000080717408,0x0000000085580000)
 Metaspace       used 20521K, capacity 21204K, committed 21248K, reserved 1067008K
  class space    used 2863K, capacity 3048K, committed 3072K, reserved 1048576K
Event: 9.772 GC heap after
Heap after GC invocations=7 (full 1):
 PSYoungGen      total 76288K, used 0K [0x00000000d5580000, 0x00000000dab80000, 0x0000000100000000)
  eden space 66048K, 0% used [0x00000000d5580000,0x00000000d5580000,0x00000000d9600000)
  from space 10240K, 0% used [0x00000000da080000,0x00000000da080000,0x00000000daa80000)
  to   space 10752K, 0% used [0x00000000d9600000,0x00000000d9600000,0x00000000da080000)
 ParOldGen       total 56320K, used 9186K [0x0000000080000000, 0x0000000083700000, 0x00000000d5580000)
  object space 56320K, 16% used [0x0000000080000000,0x00000000808f8890,0x0000000083700000)
 Metaspace       used 20521K, capacity 21204K, committed 21248K, reserved 1067008K
  class space    used 2863K, capacity 3048K, committed 3072K, reserved 1048576K
}
Event: 11.040 GC heap before
{Heap before GC invocations=8 (full 1):
 PSYoungGen      total 76288K, used 66048K [0x00000000d5580000, 0x00000000dab80000, 0x0000000100000000)
  eden space 66048K, 100% used [0x00000000d5580000,0x00000000d9600000,0x00000000d9600000)
  from space 10240K, 0% used [0x00000000da080000,0x00000000da080000,0x00000000daa80000)
  to   space 10752K, 0% used [0x00000000d9600000,0x00000000d9600000,0x00000000da080000)
 ParOldGen       total 56320K, used 9186K [0x0000000080000000, 0x0000000083700000, 0x00000000d5580000)
  object space 56320K, 16% used [0x0000000080000000,0x00000000808f8890,0x0000000083700000)
 Metaspace       used 28474K, capacity 29354K, committed 29568K, reserved 1075200K
  class space    used 3935K, capacity 4159K, committed 4224K, reserved 1048576K
Event: 11.052 GC heap after
Heap after GC invocations=8 (full 1):
 PSYoungGen      total 76800K, used 8199K [0x00000000d5580000, 0x00000000dd900000, 0x0000000100000000)
  eden space 66048K, 0% used [0x00000000d5580000,0x00000000d5580000,0x00000000d9600000)
  from space 10752K, 76% used [0x00000000d9600000,0x00000000d9e01ea8,0x00000000da080000)
  to   space 11264K, 0% used [0x00000000dce00000,0x00000000dce00000,0x00000000dd900000)
 ParOldGen       total 56320K, used 9194K [0x0000000080000000, 0x0000000083700000, 0x00000000d5580000)
  object space 56320K, 16% used [0x0000000080000000,0x00000000808fa890,0x0000000083700000)
 Metaspace       used 28474K, capacity 29354K, committed 29568K, reserved 1075200K
  class space    used 3935K, capacity 4159K, committed 4224K, reserved 1048576K
}
Event: 12.175 GC heap before
{Heap before GC invocations=9 (full 1):
 PSYoungGen      total 76800K, used 74247K [0x00000000d5580000, 0x00000000dd900000, 0x0000000100000000)
  eden space 66048K, 100% used [0x00000000d5580000,0x00000000d9600000,0x00000000d9600000)
  from space 10752K, 76% used [0x00000000d9600000,0x00000000d9e01ea8,0x00000000da080000)
  to   space 11264K, 0% used [0x00000000dce00000,0x00000000dce00000,0x00000000dd900000)
 ParOldGen       total 56320K, used 9194K [0x0000000080000000, 0x0000000083700000, 0x00000000d5580000)
  object space 56320K, 16% used [0x0000000080000000,0x00000000808fa890,0x0000000083700000)
 Metaspace       used 32831K, capacity 33868K, committed 34048K, reserved 1079296K
  class space    used 4482K, capacity 4754K, committed 4864K, reserved 1048576K
Event: 12.195 GC heap after
Heap after GC invocations=9 (full 1):
 PSYoungGen      total 122880K, used 9269K [0x00000000d5580000, 0x00000000ddb00000, 0x0000000100000000)
  eden space 111616K, 0% used [0x00000000d5580000,0x00000000d5580000,0x00000000dc280000)
  from space 11264K, 82% used [0x00000000dce00000,0x00000000dd70d778,0x00000000dd900000)
  to   space 11776K, 0% used [0x00000000dc280000,0x00000000dc280000,0x00000000dce00000)
 ParOldGen       total 56320K, used 9202K [0x0000000080000000, 0x0000000083700000, 0x00000000d5580000)
  object space 56320K, 16% used [0x0000000080000000,0x00000000808fc890,0x0000000083700000)
 Metaspace       used 32831K, capacity 33868K, committed 34048K, reserved 1079296K
  class space    used 4482K, capacity 4754K, committed 4864K, reserved 1048576K
}
Event: 12.623 GC heap before
{Heap before GC invocations=10 (full 1):
 PSYoungGen      total 122880K, used 37180K [0x00000000d5580000, 0x00000000ddb00000, 0x0000000100000000)
  eden space 111616K, 25% used [0x00000000d5580000,0x00000000d70c1a68,0x00000000dc280000)
  from space 11264K, 82% used [0x00000000dce00000,0x00000000dd70d778,0x00000000dd900000)
  to   space 11776K, 0% used [0x00000000dc280000,0x00000000dc280000,0x00000000dce00000)
 ParOldGen       total 56320K, used 9202K [0x0000000080000000, 0x0000000083700000, 0x00000000d5580000)
  object space 56320K, 16% used [0x0000000080000000,0x00000000808fc890,0x0000000083700000)
 Metaspace       used 34231K, capacity 35388K, committed 35416K, reserved 1079296K
  class space    used 4710K, capacity 4973K, committed 4992K, reserved 1048576K
Event: 12.647 GC heap after
Heap after GC invocations=10 (full 1):
 PSYoungGen      total 123392K, used 7886K [0x00000000d5580000, 0x00000000ddb00000, 0x0000000100000000)
  eden space 111616K, 0% used [0x00000000d5580000,0x00000000d5580000,0x00000000dc280000)
  from space 11776K, 66% used [0x00000000dc280000,0x00000000dca33a28,0x00000000dce00000)
  to   space 11264K, 0% used [0x00000000dce00000,0x00000000dce00000,0x00000000dd900000)
 ParOldGen       total 56320K, used 9210K [0x0000000080000000, 0x0000000083700000, 0x00000000d5580000)
  object space 56320K, 16% used [0x0000000080000000,0x00000000808fe890,0x0000000083700000)
 Metaspace       used 34231K, capacity 35388K, committed 35416K, reserved 1079296K
  class space    used 4710K, capacity 4973K, committed 4992K, reserved 1048576K
}
Event: 12.647 GC heap before
{Heap before GC invocations=11 (full 2):
 PSYoungGen      total 123392K, used 7886K [0x00000000d5580000, 0x00000000ddb00000, 0x0000000100000000)
  eden space 111616K, 0% used [0x00000000d5580000,0x00000000d5580000,0x00000000dc280000)
  from space 11776K, 66% used [0x00000000dc280000,0x00000000dca33a28,0x00000000dce00000)
  to   space 11264K, 0% used [0x00000000dce00000,0x00000000dce00000,0x00000000dd900000)
 ParOldGen       total 56320K, used 9210K [0x0000000080000000, 0x0000000083700000, 0x00000000d5580000)
  object space 56320K, 16% used [0x0000000080000000,0x00000000808fe890,0x0000000083700000)
 Metaspace       used 34231K, capacity 35388K, committed 35416K, reserved 1079296K
  class space    used 4710K, capacity 4973K, committed 4992K, reserved 1048576K
Event: 12.771 GC heap after
Heap after GC invocations=11 (full 2):
 PSYoungGen      total 123392K, used 0K [0x00000000d5580000, 0x00000000ddb00000, 0x0000000100000000)
  eden space 111616K, 0% used [0x00000000d5580000,0x00000000d5580000,0x00000000dc280000)
  from space 11776K, 0% used [0x00000000dc280000,0x00000000dc280000,0x00000000dce00000)
  to   space 11264K, 0% used [0x00000000dce00000,0x00000000dce00000,0x00000000dd900000)
 ParOldGen       total 56320K, used 14609K [0x0000000080000000, 0x0000000083700000, 0x00000000d5580000)
  object space 56320K, 25% used [0x0000000080000000,0x0000000080e447a0,0x0000000083700000)
 Metaspace       used 34231K, capacity 35388K, committed 35416K, reserved 1079296K
  class space    used 4710K, capacity 4973K, committed 4992K, reserved 1048576K
}

